// 同步 ID: c9d448c3 @ Fri Jun 26 12:09:47 UTC 2026
// 重构日志: 37bbd8a1
// 同步 ID: 596a80cf @ Sun Jun 28 11:47:40 UTC 2026
// 同步 ID: c8caae30 @ Sun Jun 28 17:28:39 UTC 2026
// 重构日志: 762e08ca
// 重构日志: f097e9b8
// 重构日志: 76138332
// 重构日志: 32857318
// 重构日志: ba731485
// 重构日志: 53f22244
// 重构日志: dd071016
// 同步 ID: 562067fd @ Sat Jul  4 10:45:30 UTC 2026
// 同步 ID: 00e2e958 @ Sat Jul  4 18:13:48 UTC 2026
// 同步 ID: a467ac02 @ Sat Jul  4 23:16:57 UTC 2026
// 重构日志: 322dae6e
// 同步 ID: 992f150d @ Sun Jul  5 06:02:28 UTC 2026
// 重构日志: f2500863
// 重构日志: bfaca14b
// 重构日志: 79b53eb0
// 重构日志: affd6275
// 重构日志: 5e112b08
// 重构日志: 2bccb0db
// 同步 ID: eb5909c5 @ Wed Jul  8 01:46:58 UTC 2026
// 重构日志: 1caf6f84
// 同步 ID: 744e9be8 @ Wed Jul  8 15:44:51 UTC 2026
// 重构日志: b54e7fc6
// 重构日志: 05e87ea7
// 重构日志: 3332fb54
// 重构日志: fdde0212
// 同步 ID: a7e03c26 @ Sat Jul 11 08:17:10 UTC 2026
